<?xml version="1.0" encoding="UTF-8"?>
<testsuite xmlns:xsi="http://www.w3.org/2001/XMLSchema-instance" xsi:noNamespaceSchemaLocation="https://maven.apache.org/surefire/maven-surefire-plugin/xsd/surefire-test-report-3.0.xsd" version="3.0" name="com.taj.kafka.UserProducerApplicationTests" time="2.61" tests="1" errors="0" skipped="0" failures="0">
  <properties>
[...]
</properties>
  <testcase name="contextLoads" classname="com.taj.kafka.UserProducerApplicationTests" time="0.968">
    <system-out><![CDATA[08:21:23.457 [main] INFO org.springframework.test.context.support.AnnotationConfigContextLoaderUtils -- Could not detect default configuration classes for test class [com.taj.kafka.UserProducerApplicationTests]: UserProducerApplicationTests does not declare any static, non-private, non-final, nested classes annotated with @Configuration.
08:21:23.535 [main] INFO org.springframework.boot.test.context.SpringBootTestContextBootstrapper -- Found @SpringBootConfiguration com.taj.kafka.UserProducerApplication for test class com.taj.kafka.UserProducerApplicationTests
  .   ____          _            __ _ _
 /\\ / ___'_ __ _ _(_)_ __  __ _ \ \ \ \
( ( )\___ | '_ | '_| | '_ \/ _` | \ \ \ \
 \\/  ___)| |_)| | | | | || (_| |  ) ) ) )
  '  |____| .__|_| |_|_| |_\__, | / / / /
 =========|_|==============|___/=/_/_/_/

 :: Spring Boot ::                (v3.3.0)

2024-05-31T08:21:23.854+05:30  INFO 10348 --- [userProducer] [           main] c.t.kafka.UserProducerApplicationTests   : Starting UserProducerApplicationTests using Java 17.0.11 with PID 10348 (started by TajCh in C:\Users\TajCh\git\producerkafkaApi\userProducer)
2024-05-31T08:21:23.856+05:30  INFO 10348 --- [userProducer] [           main] c.t.kafka.UserProducerApplicationTests   : No active profile set, falling back to 1 default profile: "default"
2024-05-31T08:21:24.757+05:30  WARN 10348 --- [userProducer] [           main] s.w.s.m.m.a.RequestMappingHandlerMapping : Multiple @RequestMapping annotations found on public java.lang.String com.taj.kafka.controller.userController.sendUserData(com.taj.kafka.dto.User), but only the first will be used: [@org.springframework.web.bind.annotation.GetMapping(consumes={}, headers={}, name="", params={}, path={}, produces={}, value={}), @org.springframework.web.bind.annotation.PostMapping(consumes={}, headers={}, name="", params={}, path={"/post"}, produces={}, value={"/post"})]
2024-05-31T08:21:24.980+05:30  INFO 10348 --- [userProducer] [           main] c.t.kafka.UserProducerApplicationTests   : Started UserProducerApplicationTests in 1.323 seconds (process running for 2.122)
]]></system-out>
  </testcase>
</testsuite>